
*** Running vivado
    with args -log top.vds -m64 -product Vivado -mode batch -messageDb vivado.pb -notrace -source top.tcl



****** Vivado v2022.2 (64-bit)
  **** SW Build 3671981 on Fri Oct 14 05:00:03 MDT 2022
  **** IP Build 3669848 on Fri Oct 14 08:30:02 MDT 2022
    ** Copyright 1986-2022 Xilinx, Inc. All Rights Reserved.

source top.tcl -notrace
Command: read_checkpoint -auto_incremental -incremental C:/Users/Ethan/Desktop/Classes/ECE460M-DigitalSysDesign/Labs/Lab5/Lab5.srcs/utils_1/imports/synth_1/top.dcp
INFO: [Vivado 12-5825] Read reference checkpoint from C:/Users/Ethan/Desktop/Classes/ECE460M-DigitalSysDesign/Labs/Lab5/Lab5.srcs/utils_1/imports/synth_1/top.dcp for incremental synthesis
INFO: [Vivado 12-7989] Please ensure there are no constraint changes
Command: synth_design -top top -part xc7a35tcpg236-1
Starting synth_design
Attempting to get a license for feature 'Synthesis' and/or device 'xc7a35t'
INFO: [Common 17-349] Got license for feature 'Synthesis' and/or device 'xc7a35t'
INFO: [Device 21-403] Loading part xc7a35tcpg236-1
INFO: [Designutils 20-5440] No compile time benefit to using incremental synthesis; A full resynthesis will be run
INFO: [Designutils 20-4379] Flow is switching to default flow due to incremental criteria not met. If you would like to alter this behaviour and have the flow terminate instead, please set the following parameter config_implementation {autoIncr.Synth.RejectBehavior Terminate}
INFO: [Synth 8-7079] Multithreading enabled for synth_design using a maximum of 2 processes.
INFO: [Synth 8-7078] Launching helper process for spawning children vivado processes
INFO: [Synth 8-7075] Helper process launched with PID 19504
INFO: [Synth 8-11241] undeclared symbol 'REGCCE', assumed default net type 'wire' [C:/Xilinx/Vivado/2022.2/data/verilog/src/unimacro/BRAM_SINGLE_MACRO.v:2170]
INFO: [Synth 8-11241] undeclared symbol 'dbtnU', assumed default net type 'wire' [C:/Users/Ethan/Desktop/Classes/ECE460M-DigitalSysDesign/Labs/Lab5/Lab5.srcs/sources_1/new/Input_Handler.v:29]
INFO: [Synth 8-11241] undeclared symbol 'dbtnR', assumed default net type 'wire' [C:/Users/Ethan/Desktop/Classes/ECE460M-DigitalSysDesign/Labs/Lab5/Lab5.srcs/sources_1/new/Input_Handler.v:30]
INFO: [Synth 8-11241] undeclared symbol 'dbtnL', assumed default net type 'wire' [C:/Users/Ethan/Desktop/Classes/ECE460M-DigitalSysDesign/Labs/Lab5/Lab5.srcs/sources_1/new/Input_Handler.v:31]
INFO: [Synth 8-11241] undeclared symbol 'dbtnD', assumed default net type 'wire' [C:/Users/Ethan/Desktop/Classes/ECE460M-DigitalSysDesign/Labs/Lab5/Lab5.srcs/sources_1/new/Input_Handler.v:32]
---------------------------------------------------------------------------------
Starting RTL Elaboration : Time (s): cpu = 00:00:04 ; elapsed = 00:00:04 . Memory (MB): peak = 1205.441 ; gain = 407.762
---------------------------------------------------------------------------------
INFO: [Synth 8-6157] synthesizing module 'top' [C:/Users/Ethan/Desktop/Classes/ECE460M-DigitalSysDesign/Labs/Lab5/Lab5.srcs/sources_1/new/top.v:23]
INFO: [Synth 8-6157] synthesizing module 'clkdiv' [C:/Users/Ethan/Desktop/Classes/ECE460M-DigitalSysDesign/Labs/Lab5/Lab5.srcs/sources_1/new/clkdiv.v:23]
INFO: [Synth 8-6155] done synthesizing module 'clkdiv' (0#1) [C:/Users/Ethan/Desktop/Classes/ECE460M-DigitalSysDesign/Labs/Lab5/Lab5.srcs/sources_1/new/clkdiv.v:23]
INFO: [Synth 8-6157] synthesizing module 'Input_Handler' [C:/Users/Ethan/Desktop/Classes/ECE460M-DigitalSysDesign/Labs/Lab5/Lab5.srcs/sources_1/new/Input_Handler.v:22]
INFO: [Synth 8-6157] synthesizing module 'debounce' [C:/Users/Ethan/Desktop/Classes/ECE460M-DigitalSysDesign/Labs/Lab5/Lab5.srcs/sources_1/new/Input_Handler.v:79]
INFO: [Synth 8-6157] synthesizing module 'my_dff' [C:/Users/Ethan/Desktop/Classes/ECE460M-DigitalSysDesign/Labs/Lab5/Lab5.srcs/sources_1/new/Input_Handler.v:94]
INFO: [Synth 8-6155] done synthesizing module 'my_dff' (0#1) [C:/Users/Ethan/Desktop/Classes/ECE460M-DigitalSysDesign/Labs/Lab5/Lab5.srcs/sources_1/new/Input_Handler.v:94]
INFO: [Synth 8-6155] done synthesizing module 'debounce' (0#1) [C:/Users/Ethan/Desktop/Classes/ECE460M-DigitalSysDesign/Labs/Lab5/Lab5.srcs/sources_1/new/Input_Handler.v:79]
INFO: [Synth 8-6155] done synthesizing module 'Input_Handler' (0#1) [C:/Users/Ethan/Desktop/Classes/ECE460M-DigitalSysDesign/Labs/Lab5/Lab5.srcs/sources_1/new/Input_Handler.v:22]
INFO: [Synth 8-6157] synthesizing module 'controller' [C:/Users/Ethan/Desktop/Classes/ECE460M-DigitalSysDesign/Labs/Lab5/Lab5.srcs/sources_1/new/controller.v:23]
INFO: [Synth 8-6155] done synthesizing module 'controller' (0#1) [C:/Users/Ethan/Desktop/Classes/ECE460M-DigitalSysDesign/Labs/Lab5/Lab5.srcs/sources_1/new/controller.v:23]
INFO: [Synth 8-6157] synthesizing module 'memory' [C:/Users/Ethan/Desktop/Classes/ECE460M-DigitalSysDesign/Labs/Lab5/Lab5.srcs/sources_1/new/memory.v:21]
INFO: [Synth 8-6155] done synthesizing module 'memory' (0#1) [C:/Users/Ethan/Desktop/Classes/ECE460M-DigitalSysDesign/Labs/Lab5/Lab5.srcs/sources_1/new/memory.v:21]
INFO: [Synth 8-6157] synthesizing module 'Display_Controller' [C:/Users/Ethan/Desktop/Classes/ECE460M-DigitalSysDesign/Labs/Lab5/Lab5.srcs/sources_1/new/Display_Controller.v:23]
INFO: [Synth 8-226] default block is never used [C:/Users/Ethan/Desktop/Classes/ECE460M-DigitalSysDesign/Labs/Lab5/Lab5.srcs/sources_1/new/Display_Controller.v:72]
INFO: [Synth 8-6155] done synthesizing module 'Display_Controller' (0#1) [C:/Users/Ethan/Desktop/Classes/ECE460M-DigitalSysDesign/Labs/Lab5/Lab5.srcs/sources_1/new/Display_Controller.v:23]
INFO: [Synth 8-6155] done synthesizing module 'top' (0#1) [C:/Users/Ethan/Desktop/Classes/ECE460M-DigitalSysDesign/Labs/Lab5/Lab5.srcs/sources_1/new/top.v:23]
WARNING: [Synth 8-6014] Unused sequential element op2_reg was removed.  [C:/Users/Ethan/Desktop/Classes/ECE460M-DigitalSysDesign/Labs/Lab5/Lab5.srcs/sources_1/new/controller.v:186]
---------------------------------------------------------------------------------
Finished RTL Elaboration : Time (s): cpu = 00:00:05 ; elapsed = 00:00:06 . Memory (MB): peak = 1296.832 ; gain = 499.152
---------------------------------------------------------------------------------
---------------------------------------------------------------------------------
Start Handling Custom Attributes
---------------------------------------------------------------------------------
---------------------------------------------------------------------------------
Finished Handling Custom Attributes : Time (s): cpu = 00:00:05 ; elapsed = 00:00:06 . Memory (MB): peak = 1296.832 ; gain = 499.152
---------------------------------------------------------------------------------
---------------------------------------------------------------------------------
Finished RTL Optimization Phase 1 : Time (s): cpu = 00:00:05 ; elapsed = 00:00:06 . Memory (MB): peak = 1296.832 ; gain = 499.152
---------------------------------------------------------------------------------
Netlist sorting complete. Time (s): cpu = 00:00:00 ; elapsed = 00:00:00.003 . Memory (MB): peak = 1296.832 ; gain = 0.000
INFO: [Project 1-570] Preparing netlist for logic optimization

Processing XDC Constraints
Initializing timing engine
Parsing XDC File [C:/Users/Ethan/Desktop/Classes/ECE460M-DigitalSysDesign/Labs/Lab5/Lab5.srcs/constrs_1/new/top.xdc]
Finished Parsing XDC File [C:/Users/Ethan/Desktop/Classes/ECE460M-DigitalSysDesign/Labs/Lab5/Lab5.srcs/constrs_1/new/top.xdc]
INFO: [Project 1-236] Implementation specific constraints were found while reading constraint file [C:/Users/Ethan/Desktop/Classes/ECE460M-DigitalSysDesign/Labs/Lab5/Lab5.srcs/constrs_1/new/top.xdc]. These constraints will be ignored for synthesis but will be used in implementation. Impacted constraints are listed in the file [.Xil/top_propImpl.xdc].
Resolution: To avoid this warning, move constraints listed in [.Xil/top_propImpl.xdc] to another XDC file and exclude this new file from synthesis with the used_in_synthesis property (File Properties dialog in GUI) and re-run elaboration/synthesis.
Completed Processing XDC Constraints

Netlist sorting complete. Time (s): cpu = 00:00:00 ; elapsed = 00:00:00.001 . Memory (MB): peak = 1355.945 ; gain = 0.000
INFO: [Project 1-111] Unisim Transformation Summary:
No Unisim elements were transformed.

Constraint Validation Runtime : Time (s): cpu = 00:00:00 ; elapsed = 00:00:00.002 . Memory (MB): peak = 1355.945 ; gain = 0.000
INFO: [Designutils 20-5440] No compile time benefit to using incremental synthesis; A full resynthesis will be run
INFO: [Designutils 20-4379] Flow is switching to default flow due to incremental criteria not met. If you would like to alter this behaviour and have the flow terminate instead, please set the following parameter config_implementation {autoIncr.Synth.RejectBehavior Terminate}
INFO: [Synth 8-11241] undeclared symbol 'REGCCE', assumed default net type 'wire' [C:/Xilinx/Vivado/2022.2/data/verilog/src/unimacro/BRAM_SINGLE_MACRO.v:2170]
---------------------------------------------------------------------------------
Finished Constraint Validation : Time (s): cpu = 00:00:11 ; elapsed = 00:00:12 . Memory (MB): peak = 1355.945 ; gain = 558.266
---------------------------------------------------------------------------------
---------------------------------------------------------------------------------
Start Loading Part and Timing Information
---------------------------------------------------------------------------------
Loading part: xc7a35tcpg236-1
---------------------------------------------------------------------------------
Finished Loading Part and Timing Information : Time (s): cpu = 00:00:11 ; elapsed = 00:00:12 . Memory (MB): peak = 1355.945 ; gain = 558.266
---------------------------------------------------------------------------------
---------------------------------------------------------------------------------
Start Applying 'set_property' XDC Constraints
---------------------------------------------------------------------------------
---------------------------------------------------------------------------------
Finished applying 'set_property' XDC Constraints : Time (s): cpu = 00:00:11 ; elapsed = 00:00:12 . Memory (MB): peak = 1355.945 ; gain = 558.266
---------------------------------------------------------------------------------
---------------------------------------------------------------------------------
Finished RTL Optimization Phase 2 : Time (s): cpu = 00:00:11 ; elapsed = 00:00:12 . Memory (MB): peak = 1355.945 ; gain = 558.266
---------------------------------------------------------------------------------
---------------------------------------------------------------------------------
Start RTL Component Statistics 
---------------------------------------------------------------------------------
Detailed RTL Component Info : 
+---Adders : 
	   2 Input   28 Bit       Adders := 1     
	   3 Input    8 Bit       Adders := 1     
	   2 Input    7 Bit       Adders := 4     
	   2 Input    2 Bit       Adders := 1     
+---Registers : 
	               28 Bit    Registers := 1     
	                8 Bit    Registers := 5     
	                7 Bit    Registers := 3     
	                4 Bit    Registers := 4     
	                2 Bit    Registers := 1     
	                1 Bit    Registers := 17    
+---RAMs : 
	             1024 Bit	(128 X 8 bit)          RAMs := 1     
+---Muxes : 
	  15 Input    8 Bit        Muxes := 2     
	   2 Input    8 Bit        Muxes := 4     
	  14 Input    8 Bit        Muxes := 1     
	  14 Input    7 Bit        Muxes := 1     
	   2 Input    7 Bit        Muxes := 1     
	  19 Input    7 Bit        Muxes := 1     
	  15 Input    4 Bit        Muxes := 1     
	   2 Input    4 Bit        Muxes := 1     
	  24 Input    4 Bit        Muxes := 1     
	   4 Input    4 Bit        Muxes := 1     
	   2 Input    1 Bit        Muxes := 2     
	  15 Input    1 Bit        Muxes := 11    
	  14 Input    1 Bit        Muxes := 3     
---------------------------------------------------------------------------------
Finished RTL Component Statistics 
---------------------------------------------------------------------------------
---------------------------------------------------------------------------------
Start Part Resource Summary
---------------------------------------------------------------------------------
Part Resources:
DSPs: 90 (col length:60)
BRAMs: 100 (col length: RAMB18 60 RAMB36 30)
---------------------------------------------------------------------------------
Finished Part Resource Summary
---------------------------------------------------------------------------------
---------------------------------------------------------------------------------
Start Cross Boundary and Area Optimization
---------------------------------------------------------------------------------
WARNING: [Synth 8-7080] Parallel synthesis criteria is not met
WARNING: [Synth 8-3917] design top has port an[3] driven by constant 1
WARNING: [Synth 8-3917] design top has port an[2] driven by constant 1
---------------------------------------------------------------------------------
Finished Cross Boundary and Area Optimization : Time (s): cpu = 00:00:13 ; elapsed = 00:00:14 . Memory (MB): peak = 1355.945 ; gain = 558.266
---------------------------------------------------------------------------------
---------------------------------------------------------------------------------
Start ROM, RAM, DSP, Shift Register and Retiming Reporting
---------------------------------------------------------------------------------

Block RAM: Preliminary Mapping Report (see note below)
+------------+-------------+------------------------+---+---+------------------------+---+---+------------------+--------+--------+
|Module Name | RTL Object  | PORT A (Depth x Width) | W | R | PORT B (Depth x Width) | W | R | Ports driving FF | RAMB18 | RAMB36 | 
+------------+-------------+------------------------+---+---+------------------------+---+---+------------------+--------+--------+
|top         | mem/RAM_reg | 128 x 8(READ_FIRST)    | W | R |                        |   |   | Port A           | 1      | 0      | 
+------------+-------------+------------------------+---+---+------------------------+---+---+------------------+--------+--------+

Note: The table above is a preliminary report that shows the Block RAMs at the current stage of the synthesis flow. Some Block RAMs may be reimplemented as non Block RAM primitives later in the synthesis flow. Multiple instantiated Block RAMs are reported only once. 
---------------------------------------------------------------------------------
Finished ROM, RAM, DSP, Shift Register and Retiming Reporting
---------------------------------------------------------------------------------
---------------------------------------------------------------------------------
Start Applying XDC Timing Constraints
---------------------------------------------------------------------------------
---------------------------------------------------------------------------------
Finished Applying XDC Timing Constraints : Time (s): cpu = 00:00:17 ; elapsed = 00:00:18 . Memory (MB): peak = 1355.945 ; gain = 558.266
---------------------------------------------------------------------------------
---------------------------------------------------------------------------------
Start Timing Optimization
---------------------------------------------------------------------------------
---------------------------------------------------------------------------------
Finished Timing Optimization : Time (s): cpu = 00:00:17 ; elapsed = 00:00:18 . Memory (MB): peak = 1355.945 ; gain = 558.266
---------------------------------------------------------------------------------
---------------------------------------------------------------------------------
Start ROM, RAM, DSP, Shift Register and Retiming Reporting
---------------------------------------------------------------------------------

Block RAM: Final Mapping Report
+------------+-------------+------------------------+---+---+------------------------+---+---+------------------+--------+--------+
|Module Name | RTL Object  | PORT A (Depth x Width) | W | R | PORT B (Depth x Width) | W | R | Ports driving FF | RAMB18 | RAMB36 | 
+------------+-------------+------------------------+---+---+------------------------+---+---+------------------+--------+--------+
|top         | mem/RAM_reg | 128 x 8(READ_FIRST)    | W | R |                        |   |   | Port A           | 1      | 0      | 
+------------+-------------+------------------------+---+---+------------------------+---+---+------------------+--------+--------+

---------------------------------------------------------------------------------
Finished ROM, RAM, DSP, Shift Register and Retiming Reporting
---------------------------------------------------------------------------------
---------------------------------------------------------------------------------
Start Technology Mapping
---------------------------------------------------------------------------------
INFO: [Synth 8-7052] The timing for the instance mem/RAM_reg (implemented as a Block RAM) might be sub-optimal as no optional output register could be merged into the ram block. Providing additional output register may help in improving timing.
---------------------------------------------------------------------------------
Finished Technology Mapping : Time (s): cpu = 00:00:17 ; elapsed = 00:00:19 . Memory (MB): peak = 1355.945 ; gain = 558.266
---------------------------------------------------------------------------------
---------------------------------------------------------------------------------
Start IO Insertion
---------------------------------------------------------------------------------
---------------------------------------------------------------------------------
Start Flattening Before IO Insertion
---------------------------------------------------------------------------------
---------------------------------------------------------------------------------
Finished Flattening Before IO Insertion
---------------------------------------------------------------------------------
---------------------------------------------------------------------------------
Start Final Netlist Cleanup
---------------------------------------------------------------------------------
---------------------------------------------------------------------------------
Finished Final Netlist Cleanup
---------------------------------------------------------------------------------
---------------------------------------------------------------------------------
Finished IO Insertion : Time (s): cpu = 00:00:21 ; elapsed = 00:00:22 . Memory (MB): peak = 1355.945 ; gain = 558.266
---------------------------------------------------------------------------------
---------------------------------------------------------------------------------
Start Renaming Generated Instances
---------------------------------------------------------------------------------
---------------------------------------------------------------------------------
Finished Renaming Generated Instances : Time (s): cpu = 00:00:21 ; elapsed = 00:00:22 . Memory (MB): peak = 1355.945 ; gain = 558.266
---------------------------------------------------------------------------------
---------------------------------------------------------------------------------
Start Rebuilding User Hierarchy
---------------------------------------------------------------------------------
---------------------------------------------------------------------------------
Finished Rebuilding User Hierarchy : Time (s): cpu = 00:00:21 ; elapsed = 00:00:22 . Memory (MB): peak = 1355.945 ; gain = 558.266
---------------------------------------------------------------------------------
---------------------------------------------------------------------------------
Start Renaming Generated Ports
---------------------------------------------------------------------------------
---------------------------------------------------------------------------------
Finished Renaming Generated Ports : Time (s): cpu = 00:00:21 ; elapsed = 00:00:22 . Memory (MB): peak = 1355.945 ; gain = 558.266
---------------------------------------------------------------------------------
---------------------------------------------------------------------------------
Start Handling Custom Attributes
---------------------------------------------------------------------------------
---------------------------------------------------------------------------------
Finished Handling Custom Attributes : Time (s): cpu = 00:00:21 ; elapsed = 00:00:22 . Memory (MB): peak = 1355.945 ; gain = 558.266
---------------------------------------------------------------------------------
---------------------------------------------------------------------------------
Start Renaming Generated Nets
---------------------------------------------------------------------------------
---------------------------------------------------------------------------------
Finished Renaming Generated Nets : Time (s): cpu = 00:00:21 ; elapsed = 00:00:22 . Memory (MB): peak = 1355.945 ; gain = 558.266
---------------------------------------------------------------------------------
---------------------------------------------------------------------------------
Start Writing Synthesis Report
---------------------------------------------------------------------------------

Report BlackBoxes: 
+-+--------------+----------+
| |BlackBox name |Instances |
+-+--------------+----------+
+-+--------------+----------+

Report Cell Usage: 
+------+---------+------+
|      |Cell     |Count |
+------+---------+------+
|1     |BUFG     |     2|
|2     |CARRY4   |    14|
|3     |LUT1     |     4|
|4     |LUT2     |     6|
|5     |LUT3     |    20|
|6     |LUT4     |    31|
|7     |LUT5     |    44|
|8     |LUT6     |    48|
|9     |RAMB18E1 |     1|
|10    |FDRE     |   112|
|11    |FDSE     |     7|
|12    |IBUF     |    13|
|13    |OBUF     |    19|
+------+---------+------+
---------------------------------------------------------------------------------
Finished Writing Synthesis Report : Time (s): cpu = 00:00:21 ; elapsed = 00:00:22 . Memory (MB): peak = 1355.945 ; gain = 558.266
---------------------------------------------------------------------------------
Synthesis finished with 0 errors, 0 critical warnings and 3 warnings.
Synthesis Optimization Runtime : Time (s): cpu = 00:00:15 ; elapsed = 00:00:21 . Memory (MB): peak = 1355.945 ; gain = 499.152
Synthesis Optimization Complete : Time (s): cpu = 00:00:21 ; elapsed = 00:00:22 . Memory (MB): peak = 1355.945 ; gain = 558.266
INFO: [Project 1-571] Translating synthesized netlist
Netlist sorting complete. Time (s): cpu = 00:00:00 ; elapsed = 00:00:00.003 . Memory (MB): peak = 1355.945 ; gain = 0.000
INFO: [Netlist 29-17] Analyzing 15 Unisim elements for replacement
INFO: [Netlist 29-28] Unisim Transformation completed in 0 CPU seconds
INFO: [Project 1-570] Preparing netlist for logic optimization
INFO: [Opt 31-138] Pushed 1 inverter(s) to 1 load pin(s).
Netlist sorting complete. Time (s): cpu = 00:00:00 ; elapsed = 00:00:00 . Memory (MB): peak = 1355.945 ; gain = 0.000
INFO: [Project 1-111] Unisim Transformation Summary:
No Unisim elements were transformed.

Synth Design complete, checksum: 65eaa7cc
INFO: [Common 17-83] Releasing license: Synthesis
45 Infos, 4 Warnings, 0 Critical Warnings and 0 Errors encountered.
synth_design completed successfully
synth_design: Time (s): cpu = 00:00:25 ; elapsed = 00:00:26 . Memory (MB): peak = 1355.945 ; gain = 935.945
INFO: [Common 17-1381] The checkpoint 'C:/Users/Ethan/Desktop/Classes/ECE460M-DigitalSysDesign/Labs/Lab5/Lab5.runs/synth_1/top.dcp' has been generated.
INFO: [runtcl-4] Executing : report_utilization -file top_utilization_synth.rpt -pb top_utilization_synth.pb
INFO: [Common 17-206] Exiting Vivado at Mon Oct 28 00:31:01 2024...
