Copyright 1986-2022 Xilinx, Inc. All Rights Reserved.
-----------------------------------------------------------------------------------------------------------------------------------------------
| Tool Version : Vivado v.2022.2 (win64) Build 3671981 Fri Oct 14 05:00:03 MDT 2022
| Date         : Sun Oct 27 22:45:41 2024
| Host         : EthanWindows running 64-bit major release  (build 9200)
| Command      : report_methodology -file top_methodology_drc_routed.rpt -pb top_methodology_drc_routed.pb -rpx top_methodology_drc_routed.rpx
| Design       : top
| Device       : xc7a35tcpg236-1
| Speed File   : -1
| Design State : Fully Routed
-----------------------------------------------------------------------------------------------------------------------------------------------

Report Methodology

Table of Contents
-----------------
1. REPORT SUMMARY
2. REPORT DETAILS

1. REPORT SUMMARY
-----------------
            Netlist: netlist
          Floorplan: design_1
      Design limits: <entire design considered>
             Max violations: <unlimited>
             Violations found: 101
+-----------+------------------+--------------------------------+------------+
| Rule      | Severity         | Description                    | Violations |
+-----------+------------------+--------------------------------+------------+
| TIMING-17 | Critical Warning | Non-clocked sequential cell    | 40         |
| TIMING-20 | Warning          | Non-clocked latch              | 60         |
| LATCH-1   | Advisory         | Existing latches in the design | 1          |
+-----------+------------------+--------------------------------+------------+

2. REPORT DETAILS
-----------------
TIMING-17#1 Critical Warning
Non-clocked sequential cell  
The clock pin ctrl/cur_state_reg[0]/C is not reached by a timing clock
Related violations: <none>

TIMING-17#2 Critical Warning
Non-clocked sequential cell  
The clock pin ctrl/cur_state_reg[1]/C is not reached by a timing clock
Related violations: <none>

TIMING-17#3 Critical Warning
Non-clocked sequential cell  
The clock pin ctrl/cur_state_reg[2]/C is not reached by a timing clock
Related violations: <none>

TIMING-17#4 Critical Warning
Non-clocked sequential cell  
The clock pin ctrl/cur_state_reg[3]/C is not reached by a timing clock
Related violations: <none>

TIMING-17#5 Critical Warning
Non-clocked sequential cell  
The clock pin in/CODE_reg[0]/C is not reached by a timing clock
Related violations: <none>

TIMING-17#6 Critical Warning
Non-clocked sequential cell  
The clock pin in/CODE_reg[1]/C is not reached by a timing clock
Related violations: <none>

TIMING-17#7 Critical Warning
Non-clocked sequential cell  
The clock pin in/CODE_reg[2]/C is not reached by a timing clock
Related violations: <none>

TIMING-17#8 Critical Warning
Non-clocked sequential cell  
The clock pin in/CODE_reg[3]/C is not reached by a timing clock
Related violations: <none>

TIMING-17#9 Critical Warning
Non-clocked sequential cell  
The clock pin in/u_debounce_D/d0/Q_reg/C is not reached by a timing clock
Related violations: <none>

TIMING-17#10 Critical Warning
Non-clocked sequential cell  
The clock pin in/u_debounce_D/d1/Q_reg/C is not reached by a timing clock
Related violations: <none>

TIMING-17#11 Critical Warning
Non-clocked sequential cell  
The clock pin in/u_debounce_D/d2/Q_reg/C is not reached by a timing clock
Related violations: <none>

TIMING-17#12 Critical Warning
Non-clocked sequential cell  
The clock pin in/u_debounce_L/d0/Q_reg/C is not reached by a timing clock
Related violations: <none>

TIMING-17#13 Critical Warning
Non-clocked sequential cell  
The clock pin in/u_debounce_L/d1/Q_reg/C is not reached by a timing clock
Related violations: <none>

TIMING-17#14 Critical Warning
Non-clocked sequential cell  
The clock pin in/u_debounce_L/d2/Q_reg/C is not reached by a timing clock
Related violations: <none>

TIMING-17#15 Critical Warning
Non-clocked sequential cell  
The clock pin in/u_debounce_R/d0/Q_reg/C is not reached by a timing clock
Related violations: <none>

TIMING-17#16 Critical Warning
Non-clocked sequential cell  
The clock pin in/u_debounce_R/d1/Q_reg/C is not reached by a timing clock
Related violations: <none>

TIMING-17#17 Critical Warning
Non-clocked sequential cell  
The clock pin in/u_debounce_R/d2/Q_reg/C is not reached by a timing clock
Related violations: <none>

TIMING-17#18 Critical Warning
Non-clocked sequential cell  
The clock pin in/u_debounce_U/d0/Q_reg/C is not reached by a timing clock
Related violations: <none>

TIMING-17#19 Critical Warning
Non-clocked sequential cell  
The clock pin in/u_debounce_U/d1/Q_reg/C is not reached by a timing clock
Related violations: <none>

TIMING-17#20 Critical Warning
Non-clocked sequential cell  
The clock pin in/u_debounce_U/d2/Q_reg/C is not reached by a timing clock
Related violations: <none>

TIMING-17#21 Critical Warning
Non-clocked sequential cell  
The clock pin mem/RAM_reg/CLKARDCLK is not reached by a timing clock
Related violations: <none>

TIMING-17#22 Critical Warning
Non-clocked sequential cell  
The clock pin nolabel_line75/digit_select_reg[0]/C is not reached by a timing clock
Related violations: <none>

TIMING-17#23 Critical Warning
Non-clocked sequential cell  
The clock pin nolabel_line75/digit_select_reg[1]/C is not reached by a timing clock
Related violations: <none>

TIMING-17#24 Critical Warning
Non-clocked sequential cell  
The clock pin nolabel_line75/refresh_counter_reg[0]/C is not reached by a timing clock
Related violations: <none>

TIMING-17#25 Critical Warning
Non-clocked sequential cell  
The clock pin nolabel_line75/refresh_counter_reg[10]/C is not reached by a timing clock
Related violations: <none>

TIMING-17#26 Critical Warning
Non-clocked sequential cell  
The clock pin nolabel_line75/refresh_counter_reg[11]/C is not reached by a timing clock
Related violations: <none>

TIMING-17#27 Critical Warning
Non-clocked sequential cell  
The clock pin nolabel_line75/refresh_counter_reg[12]/C is not reached by a timing clock
Related violations: <none>

TIMING-17#28 Critical Warning
Non-clocked sequential cell  
The clock pin nolabel_line75/refresh_counter_reg[13]/C is not reached by a timing clock
Related violations: <none>

TIMING-17#29 Critical Warning
Non-clocked sequential cell  
The clock pin nolabel_line75/refresh_counter_reg[14]/C is not reached by a timing clock
Related violations: <none>

TIMING-17#30 Critical Warning
Non-clocked sequential cell  
The clock pin nolabel_line75/refresh_counter_reg[15]/C is not reached by a timing clock
Related violations: <none>

TIMING-17#31 Critical Warning
Non-clocked sequential cell  
The clock pin nolabel_line75/refresh_counter_reg[16]/C is not reached by a timing clock
Related violations: <none>

TIMING-17#32 Critical Warning
Non-clocked sequential cell  
The clock pin nolabel_line75/refresh_counter_reg[1]/C is not reached by a timing clock
Related violations: <none>

TIMING-17#33 Critical Warning
Non-clocked sequential cell  
The clock pin nolabel_line75/refresh_counter_reg[2]/C is not reached by a timing clock
Related violations: <none>

TIMING-17#34 Critical Warning
Non-clocked sequential cell  
The clock pin nolabel_line75/refresh_counter_reg[3]/C is not reached by a timing clock
Related violations: <none>

TIMING-17#35 Critical Warning
Non-clocked sequential cell  
The clock pin nolabel_line75/refresh_counter_reg[4]/C is not reached by a timing clock
Related violations: <none>

TIMING-17#36 Critical Warning
Non-clocked sequential cell  
The clock pin nolabel_line75/refresh_counter_reg[5]/C is not reached by a timing clock
Related violations: <none>

TIMING-17#37 Critical Warning
Non-clocked sequential cell  
The clock pin nolabel_line75/refresh_counter_reg[6]/C is not reached by a timing clock
Related violations: <none>

TIMING-17#38 Critical Warning
Non-clocked sequential cell  
The clock pin nolabel_line75/refresh_counter_reg[7]/C is not reached by a timing clock
Related violations: <none>

TIMING-17#39 Critical Warning
Non-clocked sequential cell  
The clock pin nolabel_line75/refresh_counter_reg[8]/C is not reached by a timing clock
Related violations: <none>

TIMING-17#40 Critical Warning
Non-clocked sequential cell  
The clock pin nolabel_line75/refresh_counter_reg[9]/C is not reached by a timing clock
Related violations: <none>

TIMING-20#1 Warning
Non-clocked latch  
The latch ctrl/DAR_reg[0] cannot be properly analyzed as its control pin ctrl/DAR_reg[0]/G is not reached by a timing clock
Related violations: <none>

TIMING-20#2 Warning
Non-clocked latch  
The latch ctrl/DAR_reg[1] cannot be properly analyzed as its control pin ctrl/DAR_reg[1]/G is not reached by a timing clock
Related violations: <none>

TIMING-20#3 Warning
Non-clocked latch  
The latch ctrl/DAR_reg[2] cannot be properly analyzed as its control pin ctrl/DAR_reg[2]/G is not reached by a timing clock
Related violations: <none>

TIMING-20#4 Warning
Non-clocked latch  
The latch ctrl/DAR_reg[3] cannot be properly analyzed as its control pin ctrl/DAR_reg[3]/G is not reached by a timing clock
Related violations: <none>

TIMING-20#5 Warning
Non-clocked latch  
The latch ctrl/DAR_reg[4] cannot be properly analyzed as its control pin ctrl/DAR_reg[4]/G is not reached by a timing clock
Related violations: <none>

TIMING-20#6 Warning
Non-clocked latch  
The latch ctrl/DAR_reg[5] cannot be properly analyzed as its control pin ctrl/DAR_reg[5]/G is not reached by a timing clock
Related violations: <none>

TIMING-20#7 Warning
Non-clocked latch  
The latch ctrl/DAR_reg[6] cannot be properly analyzed as its control pin ctrl/DAR_reg[6]/G is not reached by a timing clock
Related violations: <none>

TIMING-20#8 Warning
Non-clocked latch  
The latch ctrl/DVR_reg[0] cannot be properly analyzed as its control pin ctrl/DVR_reg[0]/G is not reached by a timing clock
Related violations: <none>

TIMING-20#9 Warning
Non-clocked latch  
The latch ctrl/DVR_reg[1] cannot be properly analyzed as its control pin ctrl/DVR_reg[1]/G is not reached by a timing clock
Related violations: <none>

TIMING-20#10 Warning
Non-clocked latch  
The latch ctrl/DVR_reg[2] cannot be properly analyzed as its control pin ctrl/DVR_reg[2]/G is not reached by a timing clock
Related violations: <none>

TIMING-20#11 Warning
Non-clocked latch  
The latch ctrl/DVR_reg[3] cannot be properly analyzed as its control pin ctrl/DVR_reg[3]/G is not reached by a timing clock
Related violations: <none>

TIMING-20#12 Warning
Non-clocked latch  
The latch ctrl/DVR_reg[4] cannot be properly analyzed as its control pin ctrl/DVR_reg[4]/G is not reached by a timing clock
Related violations: <none>

TIMING-20#13 Warning
Non-clocked latch  
The latch ctrl/DVR_reg[5] cannot be properly analyzed as its control pin ctrl/DVR_reg[5]/G is not reached by a timing clock
Related violations: <none>

TIMING-20#14 Warning
Non-clocked latch  
The latch ctrl/DVR_reg[6] cannot be properly analyzed as its control pin ctrl/DVR_reg[6]/G is not reached by a timing clock
Related violations: <none>

TIMING-20#15 Warning
Non-clocked latch  
The latch ctrl/DVR_reg[7] cannot be properly analyzed as its control pin ctrl/DVR_reg[7]/G is not reached by a timing clock
Related violations: <none>

TIMING-20#16 Warning
Non-clocked latch  
The latch ctrl/SPR_reg[0] cannot be properly analyzed as its control pin ctrl/SPR_reg[0]/G is not reached by a timing clock
Related violations: <none>

TIMING-20#17 Warning
Non-clocked latch  
The latch ctrl/SPR_reg[1] cannot be properly analyzed as its control pin ctrl/SPR_reg[1]/G is not reached by a timing clock
Related violations: <none>

TIMING-20#18 Warning
Non-clocked latch  
The latch ctrl/SPR_reg[2] cannot be properly analyzed as its control pin ctrl/SPR_reg[2]/G is not reached by a timing clock
Related violations: <none>

TIMING-20#19 Warning
Non-clocked latch  
The latch ctrl/SPR_reg[3] cannot be properly analyzed as its control pin ctrl/SPR_reg[3]/G is not reached by a timing clock
Related violations: <none>

TIMING-20#20 Warning
Non-clocked latch  
The latch ctrl/SPR_reg[4] cannot be properly analyzed as its control pin ctrl/SPR_reg[4]/G is not reached by a timing clock
Related violations: <none>

TIMING-20#21 Warning
Non-clocked latch  
The latch ctrl/SPR_reg[5] cannot be properly analyzed as its control pin ctrl/SPR_reg[5]/G is not reached by a timing clock
Related violations: <none>

TIMING-20#22 Warning
Non-clocked latch  
The latch ctrl/SPR_reg[6] cannot be properly analyzed as its control pin ctrl/SPR_reg[6]/G is not reached by a timing clock
Related violations: <none>

TIMING-20#23 Warning
Non-clocked latch  
The latch ctrl/address_reg[0] cannot be properly analyzed as its control pin ctrl/address_reg[0]/G is not reached by a timing clock
Related violations: <none>

TIMING-20#24 Warning
Non-clocked latch  
The latch ctrl/address_reg[1] cannot be properly analyzed as its control pin ctrl/address_reg[1]/G is not reached by a timing clock
Related violations: <none>

TIMING-20#25 Warning
Non-clocked latch  
The latch ctrl/address_reg[2] cannot be properly analyzed as its control pin ctrl/address_reg[2]/G is not reached by a timing clock
Related violations: <none>

TIMING-20#26 Warning
Non-clocked latch  
The latch ctrl/address_reg[3] cannot be properly analyzed as its control pin ctrl/address_reg[3]/G is not reached by a timing clock
Related violations: <none>

TIMING-20#27 Warning
Non-clocked latch  
The latch ctrl/address_reg[4] cannot be properly analyzed as its control pin ctrl/address_reg[4]/G is not reached by a timing clock
Related violations: <none>

TIMING-20#28 Warning
Non-clocked latch  
The latch ctrl/address_reg[5] cannot be properly analyzed as its control pin ctrl/address_reg[5]/G is not reached by a timing clock
Related violations: <none>

TIMING-20#29 Warning
Non-clocked latch  
The latch ctrl/address_reg[6] cannot be properly analyzed as its control pin ctrl/address_reg[6]/G is not reached by a timing clock
Related violations: <none>

TIMING-20#30 Warning
Non-clocked latch  
The latch ctrl/cntrl_buf_reg cannot be properly analyzed as its control pin ctrl/cntrl_buf_reg/G is not reached by a timing clock
Related violations: <none>

TIMING-20#31 Warning
Non-clocked latch  
The latch ctrl/data_out_reg[0] cannot be properly analyzed as its control pin ctrl/data_out_reg[0]/G is not reached by a timing clock
Related violations: <none>

TIMING-20#32 Warning
Non-clocked latch  
The latch ctrl/data_out_reg[1] cannot be properly analyzed as its control pin ctrl/data_out_reg[1]/G is not reached by a timing clock
Related violations: <none>

TIMING-20#33 Warning
Non-clocked latch  
The latch ctrl/data_out_reg[2] cannot be properly analyzed as its control pin ctrl/data_out_reg[2]/G is not reached by a timing clock
Related violations: <none>

TIMING-20#34 Warning
Non-clocked latch  
The latch ctrl/data_out_reg[3] cannot be properly analyzed as its control pin ctrl/data_out_reg[3]/G is not reached by a timing clock
Related violations: <none>

TIMING-20#35 Warning
Non-clocked latch  
The latch ctrl/data_out_reg[4] cannot be properly analyzed as its control pin ctrl/data_out_reg[4]/G is not reached by a timing clock
Related violations: <none>

TIMING-20#36 Warning
Non-clocked latch  
The latch ctrl/data_out_reg[5] cannot be properly analyzed as its control pin ctrl/data_out_reg[5]/G is not reached by a timing clock
Related violations: <none>

TIMING-20#37 Warning
Non-clocked latch  
The latch ctrl/data_out_reg[6] cannot be properly analyzed as its control pin ctrl/data_out_reg[6]/G is not reached by a timing clock
Related violations: <none>

TIMING-20#38 Warning
Non-clocked latch  
The latch ctrl/data_out_reg[7] cannot be properly analyzed as its control pin ctrl/data_out_reg[7]/G is not reached by a timing clock
Related violations: <none>

TIMING-20#39 Warning
Non-clocked latch  
The latch ctrl/mem_buf_reg cannot be properly analyzed as its control pin ctrl/mem_buf_reg/G is not reached by a timing clock
Related violations: <none>

TIMING-20#40 Warning
Non-clocked latch  
The latch ctrl/op1_reg[0] cannot be properly analyzed as its control pin ctrl/op1_reg[0]/G is not reached by a timing clock
Related violations: <none>

TIMING-20#41 Warning
Non-clocked latch  
The latch ctrl/op1_reg[1] cannot be properly analyzed as its control pin ctrl/op1_reg[1]/G is not reached by a timing clock
Related violations: <none>

TIMING-20#42 Warning
Non-clocked latch  
The latch ctrl/op1_reg[2] cannot be properly analyzed as its control pin ctrl/op1_reg[2]/G is not reached by a timing clock
Related violations: <none>

TIMING-20#43 Warning
Non-clocked latch  
The latch ctrl/op1_reg[3] cannot be properly analyzed as its control pin ctrl/op1_reg[3]/G is not reached by a timing clock
Related violations: <none>

TIMING-20#44 Warning
Non-clocked latch  
The latch ctrl/op1_reg[4] cannot be properly analyzed as its control pin ctrl/op1_reg[4]/G is not reached by a timing clock
Related violations: <none>

TIMING-20#45 Warning
Non-clocked latch  
The latch ctrl/op1_reg[5] cannot be properly analyzed as its control pin ctrl/op1_reg[5]/G is not reached by a timing clock
Related violations: <none>

TIMING-20#46 Warning
Non-clocked latch  
The latch ctrl/op1_reg[6] cannot be properly analyzed as its control pin ctrl/op1_reg[6]/G is not reached by a timing clock
Related violations: <none>

TIMING-20#47 Warning
Non-clocked latch  
The latch ctrl/op1_reg[7] cannot be properly analyzed as its control pin ctrl/op1_reg[7]/G is not reached by a timing clock
Related violations: <none>

TIMING-20#48 Warning
Non-clocked latch  
The latch ctrl/ret_n_reg[0] cannot be properly analyzed as its control pin ctrl/ret_n_reg[0]/G is not reached by a timing clock
Related violations: <none>

TIMING-20#49 Warning
Non-clocked latch  
The latch ctrl/ret_n_reg[1] cannot be properly analyzed as its control pin ctrl/ret_n_reg[1]/G is not reached by a timing clock
Related violations: <none>

TIMING-20#50 Warning
Non-clocked latch  
The latch ctrl/ret_n_reg[2] cannot be properly analyzed as its control pin ctrl/ret_n_reg[2]/G is not reached by a timing clock
Related violations: <none>

TIMING-20#51 Warning
Non-clocked latch  
The latch ctrl/ret_n_reg[3] cannot be properly analyzed as its control pin ctrl/ret_n_reg[3]/G is not reached by a timing clock
Related violations: <none>

TIMING-20#52 Warning
Non-clocked latch  
The latch ctrl/sub_r_reg cannot be properly analyzed as its control pin ctrl/sub_r_reg/G is not reached by a timing clock
Related violations: <none>

TIMING-20#53 Warning
Non-clocked latch  
The latch ctrl/we_reg_reg cannot be properly analyzed as its control pin ctrl/we_reg_reg/G is not reached by a timing clock
Related violations: <none>

TIMING-20#54 Warning
Non-clocked latch  
The latch nolabel_line75/seg_reg[0] cannot be properly analyzed as its control pin nolabel_line75/seg_reg[0]/G is not reached by a timing clock
Related violations: <none>

TIMING-20#55 Warning
Non-clocked latch  
The latch nolabel_line75/seg_reg[1] cannot be properly analyzed as its control pin nolabel_line75/seg_reg[1]/G is not reached by a timing clock
Related violations: <none>

TIMING-20#56 Warning
Non-clocked latch  
The latch nolabel_line75/seg_reg[2] cannot be properly analyzed as its control pin nolabel_line75/seg_reg[2]/G is not reached by a timing clock
Related violations: <none>

TIMING-20#57 Warning
Non-clocked latch  
The latch nolabel_line75/seg_reg[3] cannot be properly analyzed as its control pin nolabel_line75/seg_reg[3]/G is not reached by a timing clock
Related violations: <none>

TIMING-20#58 Warning
Non-clocked latch  
The latch nolabel_line75/seg_reg[4] cannot be properly analyzed as its control pin nolabel_line75/seg_reg[4]/G is not reached by a timing clock
Related violations: <none>

TIMING-20#59 Warning
Non-clocked latch  
The latch nolabel_line75/seg_reg[5] cannot be properly analyzed as its control pin nolabel_line75/seg_reg[5]/G is not reached by a timing clock
Related violations: <none>

TIMING-20#60 Warning
Non-clocked latch  
The latch nolabel_line75/seg_reg[6] cannot be properly analyzed as its control pin nolabel_line75/seg_reg[6]/G is not reached by a timing clock
Related violations: <none>

LATCH-1#1 Advisory
Existing latches in the design  
There are 60 latches found in the design. Inferred latches are often the result of HDL coding mistakes, such as incomplete if or case statements.
Related violations: <none>


